TN:
SF:app\modules\extract\extract.useCase.ts
FN:6,ExtractUseCase
FN:10,getExtract
FN:17,saveData
FNF:3
FNH:3
FNDA:3,ExtractUseCase
FNDA:2,getExtract
FNDA:1,saveData
DA:1,1
DA:2,1
DA:3,1
DA:4,1
DA:5,1
DA:6,1
DA:7,3
DA:8,3
DA:9,1
DA:10,1
DA:11,2
DA:12,2
DA:13,2
DA:14,2
DA:15,2
DA:16,1
DA:17,1
DA:18,1
DA:19,1
DA:20,1
DA:21,1
DA:22,1
DA:23,1
DA:24,1
DA:25,1
DA:26,1
DA:27,1
DA:28,1
DA:29,1
LF:29
LH:29
BRDA:6,0,0,3
BRDA:10,1,0,2
BRDA:12,2,0,1
BRDA:12,3,0,1
BRDA:17,4,0,1
BRF:5
BRH:5
end_of_record
TN:
SF:app\repository\extract.repository.ts
FN:8,ExtractRepository
FN:12,findExtract
FN:16,save
FNF:3
FNH:0
FNDA:0,ExtractRepository
FNDA:0,findExtract
FNDA:0,save
DA:1,1
DA:2,1
DA:3,1
DA:4,1
DA:5,1
DA:6,1
DA:7,1
DA:8,1
DA:9,0
DA:10,0
DA:11,1
DA:12,1
DA:13,0
DA:14,0
DA:15,1
DA:16,1
DA:17,0
DA:18,0
DA:19,0
DA:20,0
DA:21,0
DA:22,0
DA:23,0
DA:24,0
DA:25,0
DA:26,0
DA:27,1
DA:28,1
DA:29,1
LF:29
LH:15
BRF:0
BRH:0
end_of_record
